0 verbose cli C:\Program Files\nodejs\node.exe C:\Users\Humberto Manjarres\AppData\Roaming\npm\node_modules\npm\bin\npm-cli.js
1 info using npm@8.12.2
2 info using node@v16.14.0
3 timing npm:load:whichnode Completed in 3ms
4 timing config:load:defaults Completed in 40ms
5 timing config:load:file:C:\Users\Humberto Manjarres\AppData\Roaming\npm\node_modules\npm\npmrc Completed in 172ms
6 timing config:load:builtin Completed in 176ms
7 timing config:load:cli Completed in 67ms
8 timing config:load:env Completed in 45ms
9 timing config:load:file:c:\Users\Humberto Manjarres\Desktop\CURSOS\ANGULAR\Angular Fernando Herrera\Angular-adv\03-adminpro\.npmrc Completed in 32ms
10 timing config:load:project Completed in 531ms
11 timing config:load:file:C:\Users\Humberto Manjarres\.npmrc Completed in 1ms
12 timing config:load:user Completed in 4ms
13 timing config:load:file:C:\Users\Humberto Manjarres\AppData\Roaming\npm\etc\npmrc Completed in 83ms
14 timing config:load:global Completed in 87ms
15 timing config:load:validate Completed in 3ms
16 timing config:load:credentials Completed in 36ms
17 timing config:load:setEnvs Completed in 22ms
18 timing config:load Completed in 1082ms
19 timing npm:load:configload Completed in 1085ms
20 timing npm:load:mkdirpcache Completed in 146ms
21 timing npm:load:mkdirplogs Completed in 26ms
22 verbose title npm view @angular/platform-browser-dynamic description dist-tags.latest homepage version
23 verbose argv "view" "--json" "@angular/platform-browser-dynamic" "description" "dist-tags.latest" "homepage" "version"
24 timing npm:load:setTitle Completed in 52ms
25 timing config:load:flatten Completed in 15ms
26 timing npm:load:display Completed in 18ms
27 verbose logfile logs-max:10 dir:C:\Users\Humberto Manjarres\Desktop\CURSOS\ANGULAR\Angular Fernando Herrera\Angular-adv\03-adminpro\tmpnodejsnpm-cache\_logs
28 verbose logfile C:\Users\Humberto Manjarres\Desktop\CURSOS\ANGULAR\Angular Fernando Herrera\Angular-adv\03-adminpro\tmpnodejsnpm-cache\_logs\2022-10-29T02_51_23_176Z-debug-0.log
29 timing npm:load:logFile Completed in 43ms
30 timing npm:load:timers Completed in 1ms
31 timing npm:load:configScope Completed in 0ms
32 timing npm:load Completed in 1386ms
33 silly logfile start cleaning logs, removing 2 files
34 silly logfile done cleaning log files
35 http fetch GET 200 https://registry.npmjs.org/@angular%2fplatform-browser-dynamic 1427ms (cache miss)
36 timing command:view Completed in 1605ms
37 verbose exit 0
38 timing npm Completed in 3100ms
39 info ok
