0 verbose cli C:\Program Files\nodejs\node.exe C:\Users\Humberto Manjarres\AppData\Roaming\npm\node_modules\npm\bin\npm-cli.js
1 info using npm@8.12.2
2 info using node@v16.14.0
3 timing npm:load:whichnode Completed in 1ms
4 timing config:load:defaults Completed in 2ms
5 timing config:load:file:C:\Users\Humberto Manjarres\AppData\Roaming\npm\node_modules\npm\npmrc Completed in 2ms
6 timing config:load:builtin Completed in 2ms
7 timing config:load:cli Completed in 1ms
8 timing config:load:env Completed in 1ms
9 timing config:load:file:C:\Users\Humberto Manjarres\Desktop\CURSOS\ANGULAR\Angular Fernando Herrera\Angular-adv\03-adminpro\.npmrc Completed in 0ms
10 timing config:load:project Completed in 5ms
11 timing config:load:file:C:\Users\Humberto Manjarres\.npmrc Completed in 0ms
12 timing config:load:user Completed in 1ms
13 timing config:load:file:C:\Users\Humberto Manjarres\AppData\Roaming\npm\etc\npmrc Completed in 1ms
14 timing config:load:global Completed in 1ms
15 timing config:load:validate Completed in 1ms
16 timing config:load:credentials Completed in 1ms
17 timing config:load:setEnvs Completed in 1ms
18 timing config:load Completed in 19ms
19 timing npm:load:configload Completed in 19ms
20 timing npm:load:mkdirpcache Completed in 1ms
21 timing npm:load:mkdirplogs Completed in 0ms
22 verbose title npm install sweetalert2
23 verbose argv "install" "sweetalert2"
24 timing npm:load:setTitle Completed in 2ms
25 timing config:load:flatten Completed in 3ms
26 timing npm:load:display Completed in 5ms
27 verbose logfile logs-max:10 dir:C:\Users\Humberto Manjarres\Desktop\CURSOS\ANGULAR\Angular Fernando Herrera\Angular-adv\03-adminpro\tmpnodejsnpm-cache\_logs
28 verbose logfile C:\Users\Humberto Manjarres\Desktop\CURSOS\ANGULAR\Angular Fernando Herrera\Angular-adv\03-adminpro\tmpnodejsnpm-cache\_logs\2022-11-24T11_18_27_872Z-debug-0.log
29 timing npm:load:logFile Completed in 8ms
30 timing npm:load:timers Completed in 0ms
31 timing npm:load:configScope Completed in 0ms
32 timing npm:load Completed in 37ms
33 timing arborist:ctor Completed in 0ms
34 silly logfile start cleaning logs, removing 46 files
35 timing idealTree:init Completed in 742ms
36 timing idealTree:userRequests Completed in 4ms
37 silly idealTree buildDeps
38 silly fetch manifest sweetalert2@*
39 verbose shrinkwrap failed to load node_modules/.package-lock.json out of date, updated: node_modules
40 http fetch GET 200 https://registry.npmjs.org/sweetalert2 1243ms (cache miss)
41 silly placeDep ROOT sweetalert2@11.6.13 OK for: adminpro@0.0.0 want: *
42 timing idealTree:#root Completed in 1266ms
43 timing idealTree:node_modules/sweetalert2 Completed in 0ms
44 timing idealTree:buildDeps Completed in 1267ms
45 timing idealTree:fixDepFlags Completed in 6ms
46 timing idealTree Completed in 2039ms
47 timing reify:loadTrees Completed in 2040ms
48 timing reify:diffTrees Completed in 75ms
49 silly reify mark retired [
49 silly reify   'C:\\Users\\Humberto Manjarres\\Desktop\\CURSOS\\ANGULAR\\Angular Fernando Herrera\\Angular-adv\\03-adminpro\\node_modules\\__ngcc_entry_points__.json'
49 silly reify ]
50 silly reify moves {
50 silly reify   'C:\\Users\\Humberto Manjarres\\Desktop\\CURSOS\\ANGULAR\\Angular Fernando Herrera\\Angular-adv\\03-adminpro\\node_modules\\__ngcc_entry_points__.json': 'C:\\Users\\Humberto Manjarres\\Desktop\\CURSOS\\ANGULAR\\Angular Fernando Herrera\\Angular-adv\\03-adminpro\\node_modules\\.__ngcc_entry_points__.json-w95EwaXj'
50 silly reify }
51 silly logfile done cleaning log files
52 timing reify:retireShallow Completed in 13ms
53 timing reify:createSparse Completed in 16ms
54 timing reify:loadBundles Completed in 0ms
55 silly audit bulk request {
55 silly audit   '@adobe/css-tools': [ '4.0.1' ],
55 silly audit   '@ampproject/remapping': [ '2.2.0' ],
55 silly audit   '@angular-devkit/architect': [ '0.1402.7' ],
55 silly audit   rxjs: [ '6.6.7', '7.5.7' ],
55 silly audit   tslib: [ '1.14.1', '2.4.0' ],
55 silly audit   '@angular-devkit/build-angular': [ '14.2.7' ],
55 silly audit   '@angular-devkit/build-webpack': [ '0.1402.7' ],
55 silly audit   '@angular-devkit/core': [ '14.2.7' ],
55 silly audit   '@angular-devkit/schematics': [ '14.2.7' ],
55 silly audit   '@angular/animations': [ '14.2.8' ],
55 silly audit   '@angular/cdk': [ '14.2.6' ],
55 silly audit   parse5: [ '5.1.1', '6.0.1' ],
55 silly audit   '@angular/cli': [ '14.2.7' ],
55 silly audit   '@angular/common': [ '14.2.8' ],
55 silly audit   '@angular/compiler': [ '14.2.8' ],
55 silly audit   '@angular/compiler-cli': [ '14.2.8' ],
55 silly audit   '@angular/core': [ '14.2.8' ],
55 silly audit   '@angular/forms': [ '14.2.8' ],
55 silly audit   '@angular/material': [ '14.2.6' ],
55 silly audit   '@angular/platform-browser': [ '14.2.8' ],
55 silly audit   '@angular/platform-browser-dynamic': [ '14.2.8' ],
55 silly audit   '@angular/router': [ '14.2.8' ],
55 silly audit   '@assemblyscript/loader': [ '0.10.1' ],
55 silly audit   '@babel/code-frame': [ '7.18.6' ],
55 silly audit   '@babel/compat-data': [ '7.19.4' ],
55 silly audit   '@babel/core': [ '7.18.10' ],
55 silly audit   semver: [ '6.3.0', '5.7.1', '7.3.7' ],
55 silly audit   '@babel/generator': [ '7.18.12', '7.19.6' ],
55 silly audit   '@jridgewell/gen-mapping': [ '0.3.2', '0.1.1' ],
55 silly audit   '@babel/helper-annotate-as-pure': [ '7.18.6' ],
55 silly audit   '@babel/helper-builder-binary-assignment-operator-visitor': [ '7.18.9' ],
55 silly audit   '@babel/helper-compilation-targets': [ '7.19.3' ],
55 silly audit   '@babel/helper-create-class-features-plugin': [ '7.19.0' ],
55 silly audit   '@babel/helper-create-regexp-features-plugin': [ '7.19.0' ],
55 silly audit   '@babel/helper-define-polyfill-provider': [ '0.3.3' ],
55 silly audit   '@babel/helper-environment-visitor': [ '7.18.9' ],
55 silly audit   '@babel/helper-explode-assignable-expression': [ '7.18.6' ],
55 silly audit   '@babel/helper-function-name': [ '7.19.0' ],
55 silly audit   '@babel/helper-hoist-variables': [ '7.18.6' ],
55 silly audit   '@babel/helper-member-expression-to-functions': [ '7.18.9' ],
55 silly audit   '@babel/helper-module-imports': [ '7.18.6' ],
55 silly audit   '@babel/helper-module-transforms': [ '7.19.6' ],
55 silly audit   '@babel/helper-optimise-call-expression': [ '7.18.6' ],
55 silly audit   '@babel/helper-plugin-utils': [ '7.19.0' ],
55 silly audit   '@babel/helper-remap-async-to-generator': [ '7.18.9' ],
55 silly audit   '@babel/helper-replace-supers': [ '7.19.1' ],
55 silly audit   '@babel/helper-simple-access': [ '7.19.4' ],
55 silly audit   '@babel/helper-skip-transparent-expression-wrappers': [ '7.18.9' ],
55 silly audit   '@babel/helper-split-export-declaration': [ '7.18.6' ],
55 silly audit   '@babel/helper-string-parser': [ '7.19.4' ],
55 silly audit   '@babel/helper-validator-identifier': [ '7.19.1' ],
55 silly audit   '@babel/helper-validator-option': [ '7.18.6' ],
55 silly audit   '@babel/helper-wrap-function': [ '7.19.0' ],
55 silly audit   '@babel/helpers': [ '7.19.4' ],
55 silly audit   '@babel/highlight': [ '7.18.6' ],
55 silly audit   '@babel/parser': [ '7.19.6' ],
55 silly audit   '@babel/plugin-bugfix-safari-id-destructuring-collision-in-function-expression': [ '7.18.6' ],
55 silly audit   '@babel/plugin-bugfix-v8-spread-parameters-in-optional-chaining': [ '7.18.9' ],
55 silly audit   '@babel/plugin-proposal-async-generator-functions': [ '7.18.10' ],
55 silly audit   '@babel/plugin-proposal-class-properties': [ '7.18.6' ],
55 silly audit   '@babel/plugin-proposal-class-static-block': [ '7.18.6' ],
55 silly audit   '@babel/plugin-proposal-dynamic-import': [ '7.18.6' ],
55 silly audit   '@babel/plugin-proposal-export-namespace-from': [ '7.18.9' ],
55 silly audit   '@babel/plugin-proposal-json-strings': [ '7.18.6' ],
55 silly audit   '@babel/plugin-proposal-logical-assignment-operators': [ '7.18.9' ],
55 silly audit   '@babel/plugin-proposal-nullish-coalescing-operator': [ '7.18.6' ],
55 silly audit   '@babel/plugin-proposal-numeric-separator': [ '7.18.6' ],
55 silly audit   '@babel/plugin-proposal-object-rest-spread': [ '7.19.4' ],
55 silly audit   '@babel/plugin-proposal-optional-catch-binding': [ '7.18.6' ],
55 silly audit   '@babel/plugin-proposal-optional-chaining': [ '7.18.9' ],
55 silly audit   '@babel/plugin-proposal-private-methods': [ '7.18.6' ],
55 silly audit   '@babel/plugin-proposal-private-property-in-object': [ '7.18.6' ],
55 silly audit   '@babel/plugin-proposal-unicode-property-regex': [ '7.18.6' ],
55 silly audit   '@babel/plugin-syntax-async-generators': [ '7.8.4' ],
55 silly audit   '@babel/plugin-syntax-class-properties': [ '7.12.13' ],
55 silly audit   '@babel/plugin-syntax-class-static-block': [ '7.14.5' ],
55 silly audit   '@babel/plugin-syntax-dynamic-import': [ '7.8.3' ],
55 silly audit   '@babel/plugin-syntax-export-namespace-from': [ '7.8.3' ],
55 silly audit   '@babel/plugin-syntax-import-assertions': [ '7.18.6' ],
55 silly audit   '@babel/plugin-syntax-json-strings': [ '7.8.3' ],
55 silly audit   '@babel/plugin-syntax-logical-assignment-operators': [ '7.10.4' ],
55 silly audit   '@babel/plugin-syntax-nullish-coalescing-operator': [ '7.8.3' ],
55 silly audit   '@babel/plugin-syntax-numeric-separator': [ '7.10.4' ],
55 silly audit   '@babel/plugin-syntax-object-rest-spread': [ '7.8.3' ],
55 silly audit   '@babel/plugin-syntax-optional-catch-binding': [ '7.8.3' ],
55 silly audit   '@babel/plugin-syntax-optional-chaining': [ '7.8.3' ],
55 silly audit   '@babel/plugin-syntax-private-property-in-object': [ '7.14.5' ],
55 silly audit   '@babel/plugin-syntax-top-level-await': [ '7.14.5' ],
55 silly audit   '@babel/plugin-transform-arrow-functions': [ '7.18.6' ],
55 silly audit   '@babel/plugin-transform-async-to-generator': [ '7.18.6' ],
55 silly audit   '@babel/plugin-transform-block-scoped-functions': [ '7.18.6' ],
55 silly audit   '@babel/plugin-transform-block-scoping': [ '7.19.4' ],
55 silly audit   '@babel/plugin-transform-classes': [ '7.19.0' ],
55 silly audit   '@babel/plugin-transform-computed-properties': [ '7.18.9' ],
55 silly audit   '@babel/plugin-transform-destructuring': [ '7.19.4' ],
55 silly audit   '@babel/plugin-transform-dotall-regex': [ '7.18.6' ],
55 silly audit   '@babel/plugin-transform-duplicate-keys': [ '7.18.9' ],
55 silly audit   '@babel/plugin-transform-exponentiation-operator': [ '7.18.6' ],
55 silly audit   '@babel/plugin-transform-for-of': [ '7.18.8' ],
55 silly audit   '@babel/plugin-transform-function-name': [ '7.18.9' ],
55 silly audit   '@babel/plugin-transform-literals': [ '7.18.9' ],
55 silly audit   '@babel/plugin-transform-member-expression-literals': [ '7.18.6' ],
55 silly audit   '@babel/plugin-transform-modules-amd': [ '7.19.6' ],
55 silly audit   '@babel/plugin-transform-modules-commonjs': [ '7.19.6' ],
55 silly audit   '@babel/plugin-transform-modules-systemjs': [ '7.19.6' ],
55 silly audit   '@babel/plugin-transform-modules-umd': [ '7.18.6' ],
55 silly audit   '@babel/plugin-transform-named-capturing-groups-regex': [ '7.19.1' ],
55 silly audit   '@babel/plugin-transform-new-target': [ '7.18.6' ],
55 silly audit   '@babel/plugin-transform-object-super': [ '7.18.6' ],
55 silly audit   '@babel/plugin-transform-parameters': [ '7.18.8' ],
55 silly audit   '@babel/plugin-transform-property-literals': [ '7.18.6' ],
55 silly audit   '@babel/plugin-transform-regenerator': [ '7.18.6' ],
55 silly audit   '@babel/plugin-transform-reserved-words': [ '7.18.6' ],
55 silly audit   '@babel/plugin-transform-runtime': [ '7.18.10' ],
55 silly audit   '@babel/plugin-transform-shorthand-properties': [ '7.18.6' ],
55 silly audit   '@babel/plugin-transform-spread': [ '7.19.0' ],
55 silly audit   '@babel/plugin-transform-sticky-regex': [ '7.18.6' ],
55 silly audit   '@babel/plugin-transform-template-literals': [ '7.18.9' ],
55 silly audit   '@babel/plugin-transform-typeof-symbol': [ '7.18.9' ],
55 silly audit   '@babel/plugin-transform-unicode-escapes': [ '7.18.10' ],
55 silly audit   '@babel/plugin-transform-unicode-regex': [ '7.18.6' ],
55 silly audit   '@babel/preset-env': [ '7.18.10' ],
55 silly audit   '@babel/preset-modules': [ '0.1.5' ],
55 silly audit   '@babel/runtime': [ '7.18.9' ],
55 silly audit   '@babel/template': [ '7.18.10' ],
55 silly audit   '@babel/traverse': [ '7.19.6' ],
55 silly audit   '@babel/types': [ '7.19.4' ],
55 silly audit   '@colors/colors': [ '1.5.0' ],
55 silly audit   '@csstools/postcss-cascade-layers': [ '1.1.1' ],
55 silly audit   '@csstools/postcss-color-function': [ '1.1.1' ],
55 silly audit   '@csstools/postcss-font-format-keywords': [ '1.0.1' ],
55 silly audit   '@csstools/postcss-hwb-function': [ '1.0.2' ],
55 silly audit   '@csstools/postcss-ic-unit': [ '1.0.1' ],
55 silly audit   '@csstools/postcss-is-pseudo-class': [ '2.0.7' ],
55 silly audit   '@csstools/postcss-nested-calc': [ '1.0.0' ],
55 silly audit   '@csstools/postcss-normalize-display-values': [ '1.0.1' ],
55 silly audit   '@csstools/postcss-oklab-function': [ '1.1.1' ],
55 silly audit   '@csstools/postcss-progressive-custom-properties': [ '1.3.0' ],
55 silly audit   '@csstools/postcss-stepped-value-functions': [ '1.0.1' ],
55 silly audit   '@csstools/postcss-text-decoration-shorthand': [ '1.0.0' ],
55 silly audit   '@csstools/postcss-trigonometric-functions': [ '1.0.2' ],
55 silly audit   '@csstools/postcss-unset-value': [ '1.0.2' ],
55 silly audit   '@csstools/selector-specificity': [ '2.0.2' ],
55 silly audit   '@discoveryjs/json-ext': [ '0.5.7' ],
55 silly audit   '@esbuild/linux-loong64': [ '0.15.5' ],
55 silly audit   '@gar/promisify': [ '1.1.3' ],
55 silly audit   '@istanbuljs/load-nyc-config': [ '1.1.0' ],
55 silly audit   '@istanbuljs/schema': [ '0.1.3' ],
55 silly audit   '@jridgewell/resolve-uri': [ '3.1.0' ],
55 silly audit   '@jridgewell/set-array': [ '1.1.2' ],
55 silly audit   '@jridgewell/source-map': [ '0.3.2' ],
55 silly audit   '@jridgewell/sourcemap-codec': [ '1.4.14' ],
55 silly audit   '@jridgewell/trace-mapping': [ '0.3.17' ],
55 silly audit   '@leichtgewicht/ip-codec': [ '2.0.4' ],
55 silly audit   '@ngtools/webpack': [ '14.2.7' ],
55 silly audit   '@nodelib/fs.scandir': [ '2.1.5' ],
55 silly audit   '@nodelib/fs.stat': [ '2.0.5' ],
55 silly audit   '@nodelib/fs.walk': [ '1.2.8' ],
55 silly audit   '@npmcli/fs': [ '2.1.2' ],
55 silly audit   '@npmcli/git': [ '3.0.2' ],
55 silly audit   which: [ '2.0.2', '1.3.1' ],
55 silly audit   '@npmcli/installed-package-contents': [ '1.0.7' ],
55 silly audit   '@npmcli/move-file': [ '2.0.1' ],
55 silly audit   '@npmcli/node-gyp': [ '2.0.0' ],
55 silly audit   '@npmcli/promise-spawn': [ '3.0.0' ],
55 silly audit   '@npmcli/run-script': [ '4.2.1' ],
55 silly audit   '@schematics/angular': [ '14.2.7' ],
55 silly audit   '@socket.io/component-emitter': [ '3.1.0' ],
55 silly audit   '@tootallnate/once': [ '2.0.0' ],
55 silly audit   '@types/body-parser': [ '1.19.2' ],
55 silly audit   '@types/bonjour': [ '3.5.10' ],
55 silly audit   '@types/connect': [ '3.4.35' ],
55 silly audit   '@types/connect-history-api-fallback': [ '1.3.5' ],
55 silly audit   '@types/cookie': [ '0.4.1' ],
55 silly audit   '@types/cors': [ '2.8.12' ],
55 silly audit   '@types/eslint': [ '8.4.7' ],
55 silly audit   '@types/eslint-scope': [ '3.7.4' ],
55 silly audit   '@types/estree': [ '0.0.51' ],
55 silly audit   '@types/express': [ '4.17.14' ],
55 silly audit   '@types/express-serve-static-core': [ '4.17.31' ],
55 silly audit   '@types/http-proxy': [ '1.17.9' ],
55 silly audit   '@types/jasmine': [ '4.3.0' ],
55 silly audit   '@types/json-schema': [ '7.0.11' ],
55 silly audit   '@types/mime': [ '3.0.1' ],
55 silly audit   '@types/node': [ '18.11.4' ],
55 silly audit   '@types/parse-json': [ '4.0.0' ],
55 silly audit   '@types/qs': [ '6.9.7' ],
55 silly audit   '@types/range-parser': [ '1.2.4' ],
55 silly audit   '@types/retry': [ '0.12.0' ],
55 silly audit   '@types/serve-index': [ '1.9.1' ],
55 silly audit   '@types/serve-static': [ '1.15.0' ],
55 silly audit   '@types/sockjs': [ '0.3.33' ],
55 silly audit   '@types/ws': [ '8.5.3' ],
55 silly audit   '@webassemblyjs/ast': [ '1.11.1' ],
55 silly audit   '@webassemblyjs/floating-point-hex-parser': [ '1.11.1' ],
55 silly audit   '@webassemblyjs/helper-api-error': [ '1.11.1' ],
55 silly audit   '@webassemblyjs/helper-buffer': [ '1.11.1' ],
55 silly audit   '@webassemblyjs/helper-numbers': [ '1.11.1' ],
55 silly audit   '@webassemblyjs/helper-wasm-bytecode': [ '1.11.1' ],
55 silly audit   '@webassemblyjs/helper-wasm-section': [ '1.11.1' ],
55 silly audit   '@webassemblyjs/ieee754': [ '1.11.1' ],
55 silly audit   '@webassemblyjs/leb128': [ '1.11.1' ],
55 silly audit   '@webassemblyjs/utf8': [ '1.11.1' ],
55 silly audit   '@webassemblyjs/wasm-edit': [ '1.11.1' ],
55 silly audit   '@webassemblyjs/wasm-gen': [ '1.11.1' ],
55 silly audit   '@webassemblyjs/wasm-opt': [ '1.11.1' ],
55 silly audit   '@webassemblyjs/wasm-parser': [ '1.11.1' ],
55 silly audit   '@webassemblyjs/wast-printer': [ '1.11.1' ],
55 silly audit   '@xtuc/ieee754': [ '1.2.0' ],
55 silly audit   '@xtuc/long': [ '4.2.2' ],
55 silly audit   '@yarnpkg/lockfile': [ '1.1.0' ],
55 silly audit   abab: [ '2.0.6' ],
55 silly audit   abbrev: [ '1.1.1' ],
55 silly audit   accepts: [ '1.3.8' ],
55 silly audit   acorn: [ '8.8.1' ],
55 silly audit   'acorn-import-assertions': [ '1.8.0' ],
55 silly audit   'adjust-sourcemap-loader': [ '4.0.0' ],
55 silly audit   'loader-utils': [ '2.0.3', '3.2.0' ],
55 silly audit   'agent-base': [ '6.0.2' ],
55 silly audit   agentkeepalive: [ '4.2.1' ],
55 silly audit   depd: [ '1.1.2', '2.0.0' ],
55 silly audit   'aggregate-error': [ '3.1.0' ],
55 silly audit   ajv: [ '8.11.0', '6.12.6' ],
55 silly audit   'ajv-formats': [ '2.1.1' ],
55 silly audit   'ajv-keywords': [ '5.1.0', '3.5.2' ],
55 silly audit   'ansi-colors': [ '4.1.3' ],
55 silly audit   'ansi-escapes': [ '4.3.2' ],
55 silly audit   'ansi-html-community': [ '0.0.8' ],
55 silly audit   'ansi-regex': [ '5.0.1' ],
55 silly audit   'ansi-styles': [ '3.2.1', '4.3.0' ],
55 silly audit   anymatch: [ '3.1.2' ],
55 silly audit   aproba: [ '2.0.0' ],
55 silly audit   'are-we-there-yet': [ '3.0.1' ],
55 silly audit   argparse: [ '1.0.10' ],
55 silly audit   'array-flatten': [ '2.1.2', '1.1.1' ],
55 silly audit   autoprefixer: [ '10.4.12' ],
55 silly audit   'babel-loader': [ '8.2.5' ],
55 silly audit   'babel-plugin-istanbul': [ '6.1.1' ],
55 silly audit   'babel-plugin-polyfill-corejs2': [ '0.3.3' ],
55 silly audit   'babel-plugin-polyfill-corejs3': [ '0.5.3' ],
55 silly audit   'babel-plugin-polyfill-regenerator': [ '0.4.1' ],
55 silly audit   'balanced-match': [ '1.0.2' ],
55 silly audit   'base64-js': [ '1.5.1' ],
55 silly audit   base64id: [ '2.0.0' ],
55 silly audit   batch: [ '0.6.1' ],
55 silly audit   'big.js': [ '5.2.2' ],
55 silly audit   'binary-extensions': [ '2.2.0' ],
55 silly audit   bl: [ '4.1.0' ],
55 silly audit   'body-parser': [ '1.20.1' ],
55 silly audit   debug: [ '2.6.9', '4.3.4', '3.2.7' ],
55 silly audit   ms: [ '2.0.0', '2.1.2', '2.1.3' ],
55 silly audit   'bonjour-service': [ '1.0.14' ],
55 silly audit   boolbase: [ '1.0.0' ],
55 silly audit   'brace-expansion': [ '2.0.1', '1.1.11' ],
55 silly audit   braces: [ '3.0.2' ],
55 silly audit   browserslist: [ '4.21.4' ],
55 silly audit   buffer: [ '5.7.1' ],
55 silly audit   'buffer-from': [ '1.1.2' ],
55 silly audit   builtins: [ '5.0.1' ],
55 silly audit   bytes: [ '3.1.2', '3.0.0' ],
55 silly audit   cacache: [ '16.1.2' ],
55 silly audit   'call-bind': [ '1.0.2' ],
55 silly audit   callsites: [ '3.1.0' ],
55 silly audit   camelcase: [ '5.3.1' ],
55 silly audit   'caniuse-lite': [ '1.0.30001423' ],
55 silly audit   chalk: [ '2.4.2', '4.1.2' ],
55 silly audit   chardet: [ '0.7.0' ],
55 silly audit   'chart.js': [ '3.9.1' ],
55 silly audit   chokidar: [ '3.5.3' ],
55 silly audit   chownr: [ '2.0.0' ],
55 silly audit   'chrome-trace-event': [ '1.0.3' ],
55 silly audit   'clean-stack': [ '2.2.0' ],
55 silly audit   'cli-cursor': [ '3.1.0' ],
55 silly audit   'cli-spinners': [ '2.7.0' ],
55 silly audit   'cli-width': [ '3.0.0' ],
55 silly audit   cliui: [ '7.0.4' ],
55 silly audit   clone: [ '1.0.4' ],
55 silly audit   'clone-deep': [ '4.0.1' ],
55 silly audit   'color-convert': [ '1.9.3', '2.0.1' ],
55 silly audit   'color-name': [ '1.1.3', '1.1.4' ],
55 silly audit   'color-support': [ '1.1.3' ],
55 silly audit   colorette: [ '2.0.19' ],
55 silly audit   commander: [ '2.20.3' ],
55 silly audit   commondir: [ '1.0.1' ],
55 silly audit   compressible: [ '2.0.18' ],
55 silly audit   compression: [ '1.7.4' ],
55 silly audit   'safe-buffer': [ '5.1.2', '5.2.1' ],
55 silly audit   'concat-map': [ '0.0.1' ],
55 silly audit   connect: [ '3.7.0' ],
55 silly audit   'connect-history-api-fallback': [ '2.0.0' ],
55 silly audit   'console-control-strings': [ '1.1.0' ],
55 silly audit   'content-disposition': [ '0.5.4' ],
55 silly audit   'content-type': [ '1.0.4' ],
55 silly audit   'convert-source-map': [ '1.9.0' ],
55 silly audit   cookie: [ '0.4.2', '0.5.0' ],
55 silly audit   'cookie-signature': [ '1.0.6' ],
55 silly audit   'copy-anything': [ '2.0.6' ],
55 silly audit   'copy-webpack-plugin': [ '11.0.0' ],
55 silly audit   'glob-parent': [ '6.0.2', '5.1.2' ],
55 silly audit   'schema-utils': [ '4.0.0', '2.7.1', '3.1.1' ],
55 silly audit   'core-js-compat': [ '3.26.0' ],
55 silly audit   'core-util-is': [ '1.0.3' ],
55 silly audit   cors: [ '2.8.5' ],
55 silly audit   cosmiconfig: [ '7.0.1' ],
55 silly audit   critters: [ '0.0.16' ],
55 silly audit   'has-flag': [ '4.0.0', '3.0.0' ],
55 silly audit   'supports-color': [ '7.2.0', '8.1.1', '5.5.0' ],
55 silly audit   'cross-spawn': [ '7.0.3' ],
55 silly audit   'css-blank-pseudo': [ '3.0.3' ],
55 silly audit   'css-has-pseudo': [ '3.0.4' ],
55 silly audit   'css-loader': [ '6.7.1' ],
55 silly audit   'css-prefers-color-scheme': [ '6.0.3' ],
55 silly audit   'css-select': [ '4.3.0' ],
55 silly audit   'css-what': [ '6.1.0' ],
55 silly audit   cssdb: [ '7.0.2' ],
55 silly audit   cssesc: [ '3.0.0' ],
55 silly audit   'custom-event': [ '1.0.1' ],
55 silly audit   'date-format': [ '4.0.14' ],
55 silly audit   'default-gateway': [ '6.0.3' ],
55 silly audit   defaults: [ '1.0.4' ],
55 silly audit   'define-lazy-prop': [ '2.0.0' ],
55 silly audit   delegates: [ '1.0.0' ],
55 silly audit   'dependency-graph': [ '0.11.0' ],
55 silly audit   destroy: [ '1.2.0' ],
55 silly audit   'detect-node': [ '2.1.0' ],
55 silly audit   di: [ '0.0.1' ],
55 silly audit   'dir-glob': [ '3.0.1' ],
55 silly audit   'dns-equal': [ '1.0.0' ],
55 silly audit   'dns-packet': [ '5.4.0' ],
55 silly audit   'dom-serialize': [ '2.2.1' ],
55 silly audit   'dom-serializer': [ '1.4.1' ],
55 silly audit   domelementtype: [ '2.3.0' ],
55 silly audit   domhandler: [ '4.3.1' ],
55 silly audit   domutils: [ '2.8.0' ],
55 silly audit   'ee-first': [ '1.1.1' ],
55 silly audit   'electron-to-chromium': [ '1.4.284' ],
55 silly audit   'emoji-regex': [ '8.0.0' ],
55 silly audit   'emojis-list': [ '3.0.0' ],
55 silly audit   encodeurl: [ '1.0.2' ],
55 silly audit   encoding: [ '0.1.13' ],
55 silly audit   'iconv-lite': [ '0.6.3', '0.4.24' ],
55 silly audit   'engine.io': [ '6.2.0' ],
55 silly audit   'engine.io-parser': [ '5.0.4' ],
55 silly audit   'enhanced-resolve': [ '5.10.0' ],
55 silly audit   ent: [ '2.2.0' ],
55 silly audit   entities: [ '2.2.0' ],
55 silly audit   'env-paths': [ '2.2.1' ],
55 silly audit   'err-code': [ '2.0.3' ],
55 silly audit   errno: [ '0.1.8' ],
55 silly audit   'error-ex': [ '1.3.2' ],
55 silly audit   'es-module-lexer': [ '0.9.3' ],
55 silly audit   esbuild: [ '0.15.5' ],
55 silly audit   'esbuild-android-64': [ '0.15.5' ],
55 silly audit   'esbuild-android-arm64': [ '0.15.5' ],
55 silly audit   'esbuild-darwin-64': [ '0.15.5' ],
55 silly audit   'esbuild-darwin-arm64': [ '0.15.5' ],
55 silly audit   'esbuild-freebsd-64': [ '0.15.5' ],
55 silly audit   'esbuild-freebsd-arm64': [ '0.15.5' ],
55 silly audit   'esbuild-linux-32': [ '0.15.5' ],
55 silly audit   'esbuild-linux-64': [ '0.15.5' ],
55 silly audit   'esbuild-linux-arm': [ '0.15.5' ],
55 silly audit   'esbuild-linux-arm64': [ '0.15.5' ],
55 silly audit   'esbuild-linux-mips64le': [ '0.15.5' ],
55 silly audit   'esbuild-linux-ppc64le': [ '0.15.5' ],
55 silly audit   'esbuild-linux-riscv64': [ '0.15.5' ],
55 silly audit   'esbuild-linux-s390x': [ '0.15.5' ],
55 silly audit   'esbuild-netbsd-64': [ '0.15.5' ],
55 silly audit   'esbuild-openbsd-64': [ '0.15.5' ],
55 silly audit   'esbuild-sunos-64': [ '0.15.5' ],
55 silly audit   'esbuild-wasm': [ '0.15.5' ],
55 silly audit   'esbuild-windows-32': [ '0.15.5' ],
55 silly audit   'esbuild-windows-64': [ '0.15.5' ],
55 silly audit   'esbuild-windows-arm64': [ '0.15.5' ],
55 silly audit   escalade: [ '3.1.1' ],
55 silly audit   'escape-html': [ '1.0.3' ],
55 silly audit   'escape-string-regexp': [ '1.0.5' ],
55 silly audit   'eslint-scope': [ '5.1.1' ],
55 silly audit   esprima: [ '4.0.1' ],
55 silly audit   esrecurse: [ '4.3.0' ],
55 silly audit   estraverse: [ '5.3.0', '4.3.0' ],
55 silly audit   esutils: [ '2.0.3' ],
55 silly audit   etag: [ '1.8.1' ],
55 silly audit   'eventemitter-asyncresource': [ '1.0.0' ],
55 silly audit   eventemitter3: [ '4.0.7' ],
55 silly audit   events: [ '3.3.0' ],
55 silly audit   execa: [ '5.1.1' ],
55 silly audit   express: [ '4.18.2' ],
55 silly audit   finalhandler: [ '1.2.0', '1.1.2' ],
55 silly audit   statuses: [ '2.0.1', '1.5.0' ],
55 silly audit   extend: [ '3.0.2' ],
55 silly audit   'external-editor': [ '3.1.0' ],
55 silly audit   'fast-deep-equal': [ '3.1.3' ],
55 silly audit   'fast-glob': [ '3.2.12' ],
55 silly audit   'fast-json-stable-stringify': [ '2.1.0' ],
55 silly audit   fastq: [ '1.13.0' ],
55 silly audit   'faye-websocket': [ '0.11.4' ],
55 silly audit   figures: [ '3.2.0' ],
55 silly audit   'fill-range': [ '7.0.1' ],
55 silly audit   'on-finished': [ '2.3.0', '2.4.1' ],
55 silly audit   'find-cache-dir': [ '3.3.2' ],
55 silly audit   'find-up': [ '4.1.0' ],
55 silly audit   flatted: [ '3.2.7' ],
55 silly audit   'follow-redirects': [ '1.15.2' ],
55 silly audit   forwarded: [ '0.2.0' ],
55 silly audit   'fraction.js': [ '4.2.0' ],
55 silly audit   fresh: [ '0.5.2' ],
55 silly audit   'fs-extra': [ '8.1.0' ],
55 silly audit   'fs-minipass': [ '2.1.0' ],
55 silly audit   'fs-monkey': [ '1.0.3' ],
55 silly audit   'fs.realpath': [ '1.0.0' ],
55 silly audit   fsevents: [ '2.3.2' ],
55 silly audit   'function-bind': [ '1.1.1' ],
55 silly audit   gauge: [ '4.0.4' ],
55 silly audit   gensync: [ '1.0.0-beta.2' ],
55 silly audit   'get-caller-file': [ '2.0.5' ],
55 silly audit   'get-intrinsic': [ '1.1.3' ],
55 silly audit   'get-package-type': [ '0.1.0' ],
55 silly audit   'get-stream': [ '6.0.1' ],
55 silly audit   glob: [ '8.0.3', '7.2.3' ],
55 silly audit   'glob-to-regexp': [ '0.4.1' ],
55 silly audit   globals: [ '11.12.0' ],
55 silly audit   globby: [ '13.1.2' ],
55 silly audit   'graceful-fs': [ '4.2.10' ],
55 silly audit   'handle-thing': [ '2.0.1' ],
55 silly audit   has: [ '1.0.3' ],
55 silly audit   'has-symbols': [ '1.0.3' ],
55 silly audit   'has-unicode': [ '2.0.1' ],
55 silly audit   'hdr-histogram-js': [ '2.0.3' ],
55 silly audit   'hdr-histogram-percentiles-obj': [ '3.0.0' ],
55 silly audit   'hosted-git-info': [ '5.1.0' ],
55 silly audit   'hpack.js': [ '2.1.6' ],
55 silly audit   'readable-stream': [ '2.3.7', '3.6.0' ],
55 silly audit   string_decoder: [ '1.1.1', '1.3.0' ],
55 silly audit   'html-entities': [ '2.3.3' ],
55 silly audit   'html-escaper': [ '2.0.2' ],
55 silly audit   'http-cache-semantics': [ '4.1.0' ],
55 silly audit   'http-deceiver': [ '1.2.7' ],
55 silly audit   'http-errors': [ '2.0.0', '1.6.3' ],
55 silly audit   'http-parser-js': [ '0.5.8' ],
55 silly audit   'http-proxy': [ '1.18.1' ],
55 silly audit   'http-proxy-agent': [ '5.0.0' ],
55 silly audit   'http-proxy-middleware': [ '2.0.6' ],
55 silly audit   'https-proxy-agent': [ '5.0.1' ],
55 silly audit   'human-signals': [ '2.1.0' ],
55 silly audit   'humanize-ms': [ '1.2.1' ],
55 silly audit   'icss-utils': [ '5.1.0' ],
55 silly audit   ieee754: [ '1.2.1' ],
55 silly audit   ignore: [ '5.2.0' ],
55 silly audit   'ignore-walk': [ '5.0.1' ],
55 silly audit   'image-size': [ '0.5.5' ],
55 silly audit   immutable: [ '4.1.0' ],
55 silly audit   'import-fresh': [ '3.3.0' ],
55 silly audit   'resolve-from': [ '4.0.0', '5.0.0' ],
55 silly audit   imurmurhash: [ '0.1.4' ],
55 silly audit   'indent-string': [ '4.0.0' ],
55 silly audit   'infer-owner': [ '1.0.4' ],
55 silly audit   inflight: [ '1.0.6' ],
55 silly audit   inherits: [ '2.0.4', '2.0.3' ],
55 silly audit   ini: [ '3.0.0' ],
55 silly audit   inquirer: [ '8.2.4' ],
55 silly audit   ip: [ '2.0.0' ],
55 silly audit   'ipaddr.js': [ '2.0.1', '1.9.1' ],
55 silly audit   'is-arrayish': [ '0.2.1' ],
55 silly audit   'is-binary-path': [ '2.1.0' ],
55 silly audit   'is-core-module': [ '2.11.0' ],
55 silly audit   'is-docker': [ '2.2.1' ],
55 silly audit   'is-extglob': [ '2.1.1' ],
55 silly audit   'is-fullwidth-code-point': [ '3.0.0' ],
55 silly audit   'is-glob': [ '4.0.3' ],
55 silly audit   'is-interactive': [ '1.0.0' ],
55 silly audit   'is-lambda': [ '1.0.1' ],
55 silly audit   'is-number': [ '7.0.0' ],
55 silly audit   'is-plain-obj': [ '3.0.0' ],
55 silly audit   'is-plain-object': [ '2.0.4' ],
55 silly audit   'is-stream': [ '2.0.1' ],
55 silly audit   'is-unicode-supported': [ '0.1.0' ],
55 silly audit   'is-what': [ '3.14.1' ],
55 silly audit   'is-wsl': [ '2.2.0' ],
55 silly audit   isarray: [ '1.0.0' ],
55 silly audit   isbinaryfile: [ '4.0.10' ],
55 silly audit   isexe: [ '2.0.0' ],
55 silly audit   isobject: [ '3.0.1' ],
55 silly audit   'istanbul-lib-coverage': [ '3.2.0' ],
55 silly audit   'istanbul-lib-instrument': [ '5.2.1' ],
55 silly audit   'istanbul-lib-report': [ '3.0.0' ],
55 silly audit   'istanbul-lib-source-maps': [ '4.0.1' ],
55 silly audit   'source-map': [ '0.6.1', '0.7.4' ],
55 silly audit   'istanbul-reports': [ '3.1.5' ],
55 silly audit   'jasmine-core': [ '4.4.0' ],
55 silly audit   'jest-worker': [ '27.5.1' ],
55 silly audit   'js-tokens': [ '4.0.0' ],
55 silly audit   'js-yaml': [ '3.14.1' ],
55 silly audit   jsesc: [ '2.5.2', '0.5.0' ],
55 silly audit   'json-parse-even-better-errors': [ '2.3.1' ],
55 silly audit   'json-schema-traverse': [ '1.0.0', '0.4.1' ],
55 silly audit   json5: [ '2.2.1' ],
55 silly audit   'jsonc-parser': [ '3.1.0' ],
55 silly audit   jsonfile: [ '4.0.0' ],
55 silly audit   jsonparse: [ '1.3.1' ],
55 silly audit   karma: [ '6.4.1' ],
55 silly audit   'karma-chrome-launcher': [ '3.1.1' ],
55 silly audit   'karma-coverage': [ '2.2.0' ],
55 silly audit   minimatch: [ '3.1.2', '5.1.0' ],
55 silly audit   'karma-jasmine': [ '5.1.0' ],
55 silly audit   'karma-jasmine-html-reporter': [ '2.0.0' ],
55 silly audit   'karma-source-map-support': [ '1.4.0' ],
55 silly audit   mkdirp: [ '0.5.6', '1.0.4' ],
55 silly audit   tmp: [ '0.2.1', '0.0.33' ],
55 silly audit   yargs: [ '16.2.0', '17.5.1' ],
55 silly audit   'yargs-parser': [ '20.2.9', '21.1.1' ],
55 silly audit   'kind-of': [ '6.0.3' ],
55 silly audit   klona: [ '2.0.5' ],
55 silly audit   less: [ '4.1.3' ],
55 silly audit   'less-loader': [ '11.0.0' ],
55 silly audit   'make-dir': [ '2.1.0', '3.1.0' ],
55 silly audit   mime: [ '1.6.0', '2.6.0' ],
55 silly audit   pify: [ '4.0.1', '2.3.0' ],
55 silly audit   'license-webpack-plugin': [ '4.0.2' ],
55 silly audit   'lines-and-columns': [ '1.2.4' ],
55 silly audit   'loader-runner': [ '4.3.0' ],
55 silly audit   'locate-path': [ '5.0.0' ],
55 silly audit   lodash: [ '4.17.21' ],
55 silly audit   'lodash-es': [ '4.17.21' ],
55 silly audit   'lodash.debounce': [ '4.0.8' ],
55 silly audit   'log-symbols': [ '4.1.0' ],
55 silly audit   log4js: [ '6.7.0' ],
55 silly audit   'lru-cache': [ '7.14.0', '6.0.0' ],
55 silly audit   'magic-string': [ '0.26.2' ],
55 silly audit   'make-fetch-happen': [ '10.2.1' ],
55 silly audit   'media-typer': [ '0.3.0' ],
55 silly audit   memfs: [ '3.4.8' ],
55 silly audit   'merge-descriptors': [ '1.0.1' ],
55 silly audit   'merge-stream': [ '2.0.0' ],
55 silly audit   merge2: [ '1.4.1' ],
55 silly audit   methods: [ '1.1.2' ],
55 silly audit   micromatch: [ '4.0.5' ],
55 silly audit   'mime-db': [ '1.52.0' ],
55 silly audit   'mime-types': [ '2.1.35' ],
55 silly audit   'mimic-fn': [ '2.1.0' ],
55 silly audit   'mini-css-extract-plugin': [ '2.6.1' ],
55 silly audit   'minimalistic-assert': [ '1.0.1' ],
55 silly audit   minimist: [ '1.2.7' ],
55 silly audit   minipass: [ '3.3.4' ],
55 silly audit   'minipass-collect': [ '1.0.2' ],
55 silly audit   'minipass-fetch': [ '2.1.2' ],
55 silly audit   'minipass-flush': [ '1.0.5' ],
55 silly audit   'minipass-json-stream': [ '1.0.1' ],
55 silly audit   'minipass-pipeline': [ '1.2.4' ],
55 silly audit   'minipass-sized': [ '1.0.3' ],
55 silly audit   minizlib: [ '2.1.2' ],
55 silly audit   'multicast-dns': [ '7.2.5' ],
55 silly audit   'mute-stream': [ '0.0.8' ],
55 silly audit   nanoid: [ '3.3.4' ],
55 silly audit   needle: [ '3.1.0' ],
55 silly audit   negotiator: [ '0.6.3' ],
55 silly audit   'neo-async': [ '2.6.2' ],
55 silly audit   'ng2-charts': [ '4.0.1' ],
55 silly audit   'nice-napi': [ '1.0.2' ],
55 silly audit   'node-addon-api': [ '3.2.1' ],
55 silly audit   'node-forge': [ '1.3.1' ],
55 silly audit   'node-gyp': [ '9.3.0' ],
55 silly audit   'node-gyp-build': [ '4.5.0' ],
55 silly audit   'node-releases': [ '2.0.6' ],
55 silly audit   nopt: [ '6.0.0' ],
55 silly audit   'normalize-package-data': [ '4.0.1' ],
55 silly audit   'normalize-path': [ '3.0.0' ],
55 silly audit   'normalize-range': [ '0.1.2' ],
55 silly audit   'npm-bundled': [ '1.1.2', '2.0.1' ],
55 silly audit   'npm-install-checks': [ '5.0.0' ],
55 silly audit   'npm-normalize-package-bin': [ '1.0.1', '2.0.0' ],
55 silly audit   'npm-package-arg': [ '9.1.0' ],
55 silly audit   'npm-packlist': [ '5.1.3' ],
55 silly audit   'npm-pick-manifest': [ '7.0.1' ],
55 silly audit   'npm-registry-fetch': [ '13.3.1' ],
55 silly audit   'npm-run-path': [ '4.0.1' ],
55 silly audit   npmlog: [ '6.0.2' ],
55 silly audit   'nth-check': [ '2.1.1' ],
55 silly audit   'object-assign': [ '4.1.1' ],
55 silly audit   'object-inspect': [ '1.12.2' ],
55 silly audit   obuf: [ '1.1.2' ],
55 silly audit   'on-headers': [ '1.0.2' ],
55 silly audit   once: [ '1.4.0' ],
55 silly audit   onetime: [ '5.1.2' ],
55 silly audit   open: [ '8.4.0' ],
55 silly audit   ora: [ '5.4.1' ],
55 silly audit   'os-tmpdir': [ '1.0.2' ],
55 silly audit   'p-limit': [ '2.3.0' ],
55 silly audit   'p-locate': [ '4.1.0' ],
55 silly audit   'p-map': [ '4.0.0' ],
55 silly audit   'p-retry': [ '4.6.2' ],
55 silly audit   retry: [ '0.13.1', '0.12.0' ],
55 silly audit   'p-try': [ '2.2.0' ],
55 silly audit   pacote: [ '13.6.2' ],
55 silly audit   pako: [ '1.0.11' ],
55 silly audit   'parent-module': [ '1.0.1' ],
55 silly audit   'parse-json': [ '5.2.0' ],
55 silly audit   'parse-node-version': [ '1.0.1' ],
55 silly audit   'parse5-html-rewriting-stream': [ '6.0.1' ],
55 silly audit   'parse5-htmlparser2-tree-adapter': [ '6.0.1' ],
55 silly audit   'parse5-sax-parser': [ '6.0.1' ],
55 silly audit   parseurl: [ '1.3.3' ],
55 silly audit   'path-exists': [ '4.0.0' ],
55 silly audit   'path-is-absolute': [ '1.0.1' ],
55 silly audit   'path-key': [ '3.1.1' ],
55 silly audit   'path-parse': [ '1.0.7' ],
55 silly audit   'path-to-regexp': [ '0.1.7' ],
55 silly audit   'path-type': [ '4.0.0' ],
55 silly audit   picocolors: [ '1.0.0' ],
55 silly audit   picomatch: [ '2.3.1' ],
55 silly audit   piscina: [ '3.2.0' ],
55 silly audit   'pkg-dir': [ '4.2.0' ],
55 silly audit   postcss: [ '8.4.16' ],
55 silly audit   'postcss-attribute-case-insensitive': [ '5.0.2' ],
55 silly audit   'postcss-clamp': [ '4.1.0' ],
55 silly audit   'postcss-color-functional-notation': [ '4.2.4' ],
55 silly audit   'postcss-color-hex-alpha': [ '8.0.4' ],
55 silly audit   'postcss-color-rebeccapurple': [ '7.1.1' ],
55 silly audit   'postcss-custom-media': [ '8.0.2' ],
55 silly audit   'postcss-custom-properties': [ '12.1.10' ],
55 silly audit   'postcss-custom-selectors': [ '6.0.3' ],
55 silly audit   'postcss-dir-pseudo-class': [ '6.0.5' ],
55 silly audit   'postcss-double-position-gradients': [ '3.1.2' ],
55 silly audit   'postcss-env-function': [ '4.0.6' ],
55 silly audit   'postcss-focus-visible': [ '6.0.4' ],
55 silly audit   'postcss-focus-within': [ '5.0.4' ],
55 silly audit   'postcss-font-variant': [ '5.0.0' ],
55 silly audit   'postcss-gap-properties': [ '3.0.5' ],
55 silly audit   'postcss-image-set-function': [ '4.0.7' ],
55 silly audit   'postcss-import': [ '15.0.0' ],
55 silly audit   'postcss-initial': [ '4.0.1' ],
55 silly audit   'postcss-lab-function': [ '4.2.1' ],
55 silly audit   'postcss-loader': [ '7.0.1' ],
55 silly audit   'postcss-logical': [ '5.0.4' ],
55 silly audit   'postcss-media-minmax': [ '5.0.0' ],
55 silly audit   'postcss-modules-extract-imports': [ '3.0.0' ],
55 silly audit   'postcss-modules-local-by-default': [ '4.0.0' ],
55 silly audit   'postcss-modules-scope': [ '3.0.0' ],
55 silly audit   'postcss-modules-values': [ '4.0.0' ],
55 silly audit   'postcss-nesting': [ '10.2.0' ],
55 silly audit   'postcss-opacity-percentage': [ '1.1.2' ],
55 silly audit   'postcss-overflow-shorthand': [ '3.0.4' ],
55 silly audit   'postcss-page-break': [ '3.0.4' ],
55 silly audit   'postcss-place': [ '7.0.5' ],
55 silly audit   'postcss-preset-env': [ '7.8.0' ],
55 silly audit   'postcss-pseudo-class-any-link': [ '7.1.6' ],
55 silly audit   'postcss-replace-overflow-wrap': [ '4.0.0' ],
55 silly audit   'postcss-selector-not': [ '6.0.1' ],
55 silly audit   'postcss-selector-parser': [ '6.0.10' ],
55 silly audit   'postcss-value-parser': [ '4.2.0' ],
55 silly audit   'pretty-bytes': [ '5.6.0' ],
55 silly audit   'proc-log': [ '2.0.1' ],
55 silly audit   'process-nextick-args': [ '2.0.1' ],
55 silly audit   'promise-inflight': [ '1.0.1' ],
55 silly audit   'promise-retry': [ '2.0.1' ],
55 silly audit   'proxy-addr': [ '2.0.7' ],
55 silly audit   prr: [ '1.0.1' ],
55 silly audit   punycode: [ '2.1.1' ],
55 silly audit   qjobs: [ '1.2.0' ],
55 silly audit   qs: [ '6.11.0' ],
55 silly audit   'queue-microtask': [ '1.2.3' ],
55 silly audit   randombytes: [ '2.1.0' ],
55 silly audit   'range-parser': [ '1.2.1' ],
55 silly audit   'raw-body': [ '2.5.1' ],
55 silly audit   'read-cache': [ '1.0.0' ],
55 silly audit   'read-package-json': [ '5.0.2' ],
55 silly audit   'read-package-json-fast': [ '2.0.3' ],
55 silly audit   readdirp: [ '3.6.0' ],
55 silly audit   'reflect-metadata': [ '0.1.13' ],
55 silly audit   regenerate: [ '1.4.2' ],
55 silly audit   'regenerate-unicode-properties': [ '10.1.0' ],
55 silly audit   'regenerator-runtime': [ '0.13.9' ],
55 silly audit   'regenerator-transform': [ '0.15.0' ],
55 silly audit   'regex-parser': [ '2.2.11' ],
55 silly audit   'regexpu-core': [ '5.2.1' ],
55 silly audit   regjsgen: [ '0.7.1' ],
55 silly audit   regjsparser: [ '0.9.1' ],
55 silly audit   'require-directory': [ '2.1.1' ],
55 silly audit   'require-from-string': [ '2.0.2' ],
55 silly audit   'requires-port': [ '1.0.0' ],
55 silly audit   resolve: [ '1.22.1' ],
55 silly audit   'resolve-url-loader': [ '5.0.0' ],
55 silly audit   'restore-cursor': [ '3.1.0' ],
55 silly audit   reusify: [ '1.0.4' ],
55 silly audit   rfdc: [ '1.3.0' ],
55 silly audit   rimraf: [ '3.0.2' ],
55 silly audit   'run-async': [ '2.4.1' ],
55 silly audit   'run-parallel': [ '1.2.0' ],
55 silly audit   'safer-buffer': [ '2.1.2' ],
55 silly audit   sass: [ '1.54.4' ],
55 silly audit   'sass-loader': [ '13.0.2' ],
55 silly audit   sax: [ '1.2.4' ],
55 silly audit   'select-hose': [ '2.0.0' ],
55 silly audit   selfsigned: [ '2.1.1' ],
55 silly audit   send: [ '0.18.0' ],
55 silly audit   'serialize-javascript': [ '6.0.0' ],
55 silly audit   'serve-index': [ '1.9.1' ],
55 silly audit   setprototypeof: [ '1.1.0', '1.2.0' ],
55 silly audit   'serve-static': [ '1.15.0' ],
55 silly audit   'set-blocking': [ '2.0.0' ],
55 silly audit   'shallow-clone': [ '3.0.1' ],
55 silly audit   'shebang-command': [ '2.0.0' ],
55 silly audit   'shebang-regex': [ '3.0.0' ],
55 silly audit   'side-channel': [ '1.0.4' ],
55 silly audit   'signal-exit': [ '3.0.7' ],
55 silly audit   slash: [ '4.0.0' ],
55 silly audit   'smart-buffer': [ '4.2.0' ],
55 silly audit   'socket.io': [ '4.5.3' ],
55 silly audit   'socket.io-adapter': [ '2.4.0' ],
55 silly audit   'socket.io-parser': [ '4.2.1' ],
55 silly audit   sockjs: [ '0.3.24' ],
55 silly audit   socks: [ '2.7.1' ],
55 silly audit   'socks-proxy-agent': [ '7.0.0' ],
55 silly audit   'source-map-js': [ '1.0.2' ],
55 silly audit   'source-map-loader': [ '4.0.0' ],
55 silly audit   'source-map-support': [ '0.5.21' ],
55 silly audit   'sourcemap-codec': [ '1.4.8' ],
55 silly audit   'spdx-correct': [ '3.1.1' ],
55 silly audit   'spdx-exceptions': [ '2.3.0' ],
55 silly audit   'spdx-expression-parse': [ '3.0.1' ],
55 silly audit   'spdx-license-ids': [ '3.0.12' ],
55 silly audit   spdy: [ '4.0.2' ],
55 silly audit   'spdy-transport': [ '3.0.0' ],
55 silly audit   'sprintf-js': [ '1.0.3' ],
55 silly audit   ssri: [ '9.0.1' ],
55 silly audit   streamroller: [ '3.1.3' ],
55 silly audit   'string-width': [ '4.2.3' ],
55 silly audit   'strip-ansi': [ '6.0.1' ],
55 silly audit   'strip-final-newline': [ '2.0.0' ],
55 silly audit   stylus: [ '0.59.0' ],
55 silly audit   'stylus-loader': [ '7.0.0' ],
55 silly audit   'supports-preserve-symlinks-flag': [ '1.0.0' ],
55 silly audit   'symbol-observable': [ '4.0.0' ],
55 silly audit   tapable: [ '2.2.1' ],
55 silly audit   tar: [ '6.1.11' ],
55 silly audit   terser: [ '5.14.2' ],
55 silly audit   'terser-webpack-plugin': [ '5.3.6' ],
55 silly audit   'test-exclude': [ '6.0.0' ],
55 silly audit   'text-table': [ '0.2.0' ],
55 silly audit   through: [ '2.3.8' ],
55 silly audit   thunky: [ '1.1.0' ],
55 silly audit   'to-fast-properties': [ '2.0.0' ],
55 silly audit   'to-regex-range': [ '5.0.1' ],
55 silly audit   toidentifier: [ '1.0.1' ],
55 silly audit   'tree-kill': [ '1.2.2' ],
55 silly audit   'type-fest': [ '0.21.3' ],
55 silly audit   'type-is': [ '1.6.18' ],
55 silly audit   'typed-assert': [ '1.0.9' ],
55 silly audit   typescript: [ '4.8.4' ],
55 silly audit   'ua-parser-js': [ '0.7.32' ],
55 silly audit   'unicode-canonical-property-names-ecmascript': [ '2.0.0' ],
55 silly audit   'unicode-match-property-ecmascript': [ '2.0.0' ],
55 silly audit   'unicode-match-property-value-ecmascript': [ '2.0.0' ],
55 silly audit   'unicode-property-aliases-ecmascript': [ '2.1.0' ],
55 silly audit   'unique-filename': [ '1.1.1' ],
55 silly audit   'unique-slug': [ '2.0.2' ],
55 silly audit   universalify: [ '0.1.2' ],
55 silly audit   unpipe: [ '1.0.0' ],
55 silly audit   'update-browserslist-db': [ '1.0.10' ],
55 silly audit   'uri-js': [ '4.4.1' ],
55 silly audit   'util-deprecate': [ '1.0.2' ],
55 silly audit   'utils-merge': [ '1.0.1' ],
55 silly audit   uuid: [ '8.3.2' ],
55 silly audit   'validate-npm-package-license': [ '3.0.4' ],
55 silly audit   'validate-npm-package-name': [ '4.0.0' ],
55 silly audit   vary: [ '1.1.2' ],
55 silly audit   'void-elements': [ '2.0.1' ],
55 silly audit   watchpack: [ '2.4.0' ],
55 silly audit   wbuf: [ '1.7.3' ],
55 silly audit   wcwidth: [ '1.0.1' ],
55 silly audit   webpack: [ '5.74.0' ],
55 silly audit   'webpack-dev-middleware': [ '5.3.3' ],
55 silly audit   'webpack-dev-server': [ '4.11.0' ],
55 silly audit   ws: [ '8.10.0', '8.2.3' ],
55 silly audit   'webpack-merge': [ '5.8.0' ],
55 silly audit   'webpack-sources': [ '3.2.3' ],
55 silly audit   'webpack-subresource-integrity': [ '5.1.0' ],
55 silly audit   'websocket-driver': [ '0.7.4' ],
55 silly audit   'websocket-extensions': [ '0.1.4' ],
55 silly audit   'wide-align': [ '1.1.5' ],
55 silly audit   wildcard: [ '2.0.0' ],
55 silly audit   'wrap-ansi': [ '7.0.0' ],
55 silly audit   wrappy: [ '1.0.2' ],
55 silly audit   y18n: [ '5.0.8' ],
55 silly audit   yallist: [ '4.0.0' ],
55 silly audit   yaml: [ '1.10.2' ],
55 silly audit   'zone.js': [ '0.11.8' ],
55 silly audit   sweetalert2: [ '11.6.13' ]
55 silly audit }
56 verbose reify failed optional dependency C:\Users\Humberto Manjarres\Desktop\CURSOS\ANGULAR\Angular Fernando Herrera\Angular-adv\03-adminpro\node_modules\nice-napi
57 silly reify mark deleted [
57 silly reify   'C:\\Users\\Humberto Manjarres\\Desktop\\CURSOS\\ANGULAR\\Angular Fernando Herrera\\Angular-adv\\03-adminpro\\node_modules\\nice-napi'
57 silly reify ]
58 verbose reify failed optional dependency C:\Users\Humberto Manjarres\Desktop\CURSOS\ANGULAR\Angular Fernando Herrera\Angular-adv\03-adminpro\node_modules\node-addon-api
59 silly reify mark deleted [
59 silly reify   'C:\\Users\\Humberto Manjarres\\Desktop\\CURSOS\\ANGULAR\\Angular Fernando Herrera\\Angular-adv\\03-adminpro\\node_modules\\node-addon-api'
59 silly reify ]
60 verbose reify failed optional dependency C:\Users\Humberto Manjarres\Desktop\CURSOS\ANGULAR\Angular Fernando Herrera\Angular-adv\03-adminpro\node_modules\node-gyp-build
61 silly reify mark deleted [
61 silly reify   'C:\\Users\\Humberto Manjarres\\Desktop\\CURSOS\\ANGULAR\\Angular Fernando Herrera\\Angular-adv\\03-adminpro\\node_modules\\node-gyp-build',
61 silly reify   'C:\\Users\\Humberto Manjarres\\Desktop\\CURSOS\\ANGULAR\\Angular Fernando Herrera\\Angular-adv\\03-adminpro\\node_modules\\.bin\\node-gyp-build',
61 silly reify   'C:\\Users\\Humberto Manjarres\\Desktop\\CURSOS\\ANGULAR\\Angular Fernando Herrera\\Angular-adv\\03-adminpro\\node_modules\\.bin\\node-gyp-build.cmd',
61 silly reify   'C:\\Users\\Humberto Manjarres\\Desktop\\CURSOS\\ANGULAR\\Angular Fernando Herrera\\Angular-adv\\03-adminpro\\node_modules\\.bin\\node-gyp-build.ps1',
61 silly reify   'C:\\Users\\Humberto Manjarres\\Desktop\\CURSOS\\ANGULAR\\Angular Fernando Herrera\\Angular-adv\\03-adminpro\\node_modules\\.bin\\node-gyp-build-optional',
61 silly reify   'C:\\Users\\Humberto Manjarres\\Desktop\\CURSOS\\ANGULAR\\Angular Fernando Herrera\\Angular-adv\\03-adminpro\\node_modules\\.bin\\node-gyp-build-optional.cmd',
61 silly reify   'C:\\Users\\Humberto Manjarres\\Desktop\\CURSOS\\ANGULAR\\Angular Fernando Herrera\\Angular-adv\\03-adminpro\\node_modules\\.bin\\node-gyp-build-optional.ps1',
61 silly reify   'C:\\Users\\Humberto Manjarres\\Desktop\\CURSOS\\ANGULAR\\Angular Fernando Herrera\\Angular-adv\\03-adminpro\\node_modules\\.bin\\node-gyp-build-test',
61 silly reify   'C:\\Users\\Humberto Manjarres\\Desktop\\CURSOS\\ANGULAR\\Angular Fernando Herrera\\Angular-adv\\03-adminpro\\node_modules\\.bin\\node-gyp-build-test.cmd',
61 silly reify   'C:\\Users\\Humberto Manjarres\\Desktop\\CURSOS\\ANGULAR\\Angular Fernando Herrera\\Angular-adv\\03-adminpro\\node_modules\\.bin\\node-gyp-build-test.ps1'
61 silly reify ]
62 verbose reify failed optional dependency C:\Users\Humberto Manjarres\Desktop\CURSOS\ANGULAR\Angular Fernando Herrera\Angular-adv\03-adminpro\node_modules\fsevents
63 silly reify mark deleted [
63 silly reify   'C:\\Users\\Humberto Manjarres\\Desktop\\CURSOS\\ANGULAR\\Angular Fernando Herrera\\Angular-adv\\03-adminpro\\node_modules\\fsevents'
63 silly reify ]
64 verbose reify failed optional dependency C:\Users\Humberto Manjarres\Desktop\CURSOS\ANGULAR\Angular Fernando Herrera\Angular-adv\03-adminpro\node_modules\esbuild-windows-arm64
65 silly reify mark deleted [
65 silly reify   'C:\\Users\\Humberto Manjarres\\Desktop\\CURSOS\\ANGULAR\\Angular Fernando Herrera\\Angular-adv\\03-adminpro\\node_modules\\esbuild-windows-arm64'
65 silly reify ]
66 verbose reify failed optional dependency C:\Users\Humberto Manjarres\Desktop\CURSOS\ANGULAR\Angular Fernando Herrera\Angular-adv\03-adminpro\node_modules\esbuild-windows-32
67 silly reify mark deleted [
67 silly reify   'C:\\Users\\Humberto Manjarres\\Desktop\\CURSOS\\ANGULAR\\Angular Fernando Herrera\\Angular-adv\\03-adminpro\\node_modules\\esbuild-windows-32'
67 silly reify ]
68 verbose reify failed optional dependency C:\Users\Humberto Manjarres\Desktop\CURSOS\ANGULAR\Angular Fernando Herrera\Angular-adv\03-adminpro\node_modules\esbuild-sunos-64
69 silly reify mark deleted [
69 silly reify   'C:\\Users\\Humberto Manjarres\\Desktop\\CURSOS\\ANGULAR\\Angular Fernando Herrera\\Angular-adv\\03-adminpro\\node_modules\\esbuild-sunos-64'
69 silly reify ]
70 verbose reify failed optional dependency C:\Users\Humberto Manjarres\Desktop\CURSOS\ANGULAR\Angular Fernando Herrera\Angular-adv\03-adminpro\node_modules\esbuild-openbsd-64
71 silly reify mark deleted [
71 silly reify   'C:\\Users\\Humberto Manjarres\\Desktop\\CURSOS\\ANGULAR\\Angular Fernando Herrera\\Angular-adv\\03-adminpro\\node_modules\\esbuild-openbsd-64'
71 silly reify ]
72 verbose reify failed optional dependency C:\Users\Humberto Manjarres\Desktop\CURSOS\ANGULAR\Angular Fernando Herrera\Angular-adv\03-adminpro\node_modules\esbuild-netbsd-64
73 silly reify mark deleted [
73 silly reify   'C:\\Users\\Humberto Manjarres\\Desktop\\CURSOS\\ANGULAR\\Angular Fernando Herrera\\Angular-adv\\03-adminpro\\node_modules\\esbuild-netbsd-64'
73 silly reify ]
74 verbose reify failed optional dependency C:\Users\Humberto Manjarres\Desktop\CURSOS\ANGULAR\Angular Fernando Herrera\Angular-adv\03-adminpro\node_modules\esbuild-linux-s390x
75 silly reify mark deleted [
75 silly reify   'C:\\Users\\Humberto Manjarres\\Desktop\\CURSOS\\ANGULAR\\Angular Fernando Herrera\\Angular-adv\\03-adminpro\\node_modules\\esbuild-linux-s390x'
75 silly reify ]
76 verbose reify failed optional dependency C:\Users\Humberto Manjarres\Desktop\CURSOS\ANGULAR\Angular Fernando Herrera\Angular-adv\03-adminpro\node_modules\esbuild-linux-riscv64
77 silly reify mark deleted [
77 silly reify   'C:\\Users\\Humberto Manjarres\\Desktop\\CURSOS\\ANGULAR\\Angular Fernando Herrera\\Angular-adv\\03-adminpro\\node_modules\\esbuild-linux-riscv64'
77 silly reify ]
78 verbose reify failed optional dependency C:\Users\Humberto Manjarres\Desktop\CURSOS\ANGULAR\Angular Fernando Herrera\Angular-adv\03-adminpro\node_modules\esbuild-linux-ppc64le
79 silly reify mark deleted [
79 silly reify   'C:\\Users\\Humberto Manjarres\\Desktop\\CURSOS\\ANGULAR\\Angular Fernando Herrera\\Angular-adv\\03-adminpro\\node_modules\\esbuild-linux-ppc64le'
79 silly reify ]
80 verbose reify failed optional dependency C:\Users\Humberto Manjarres\Desktop\CURSOS\ANGULAR\Angular Fernando Herrera\Angular-adv\03-adminpro\node_modules\esbuild-linux-mips64le
81 silly reify mark deleted [
81 silly reify   'C:\\Users\\Humberto Manjarres\\Desktop\\CURSOS\\ANGULAR\\Angular Fernando Herrera\\Angular-adv\\03-adminpro\\node_modules\\esbuild-linux-mips64le'
81 silly reify ]
82 verbose reify failed optional dependency C:\Users\Humberto Manjarres\Desktop\CURSOS\ANGULAR\Angular Fernando Herrera\Angular-adv\03-adminpro\node_modules\esbuild-linux-arm64
83 silly reify mark deleted [
83 silly reify   'C:\\Users\\Humberto Manjarres\\Desktop\\CURSOS\\ANGULAR\\Angular Fernando Herrera\\Angular-adv\\03-adminpro\\node_modules\\esbuild-linux-arm64'
83 silly reify ]
84 verbose reify failed optional dependency C:\Users\Humberto Manjarres\Desktop\CURSOS\ANGULAR\Angular Fernando Herrera\Angular-adv\03-adminpro\node_modules\esbuild-linux-arm
85 silly reify mark deleted [
85 silly reify   'C:\\Users\\Humberto Manjarres\\Desktop\\CURSOS\\ANGULAR\\Angular Fernando Herrera\\Angular-adv\\03-adminpro\\node_modules\\esbuild-linux-arm'
85 silly reify ]
86 verbose reify failed optional dependency C:\Users\Humberto Manjarres\Desktop\CURSOS\ANGULAR\Angular Fernando Herrera\Angular-adv\03-adminpro\node_modules\esbuild-linux-64
87 silly reify mark deleted [
87 silly reify   'C:\\Users\\Humberto Manjarres\\Desktop\\CURSOS\\ANGULAR\\Angular Fernando Herrera\\Angular-adv\\03-adminpro\\node_modules\\esbuild-linux-64'
87 silly reify ]
88 verbose reify failed optional dependency C:\Users\Humberto Manjarres\Desktop\CURSOS\ANGULAR\Angular Fernando Herrera\Angular-adv\03-adminpro\node_modules\esbuild-linux-32
89 silly reify mark deleted [
89 silly reify   'C:\\Users\\Humberto Manjarres\\Desktop\\CURSOS\\ANGULAR\\Angular Fernando Herrera\\Angular-adv\\03-adminpro\\node_modules\\esbuild-linux-32'
89 silly reify ]
90 verbose reify failed optional dependency C:\Users\Humberto Manjarres\Desktop\CURSOS\ANGULAR\Angular Fernando Herrera\Angular-adv\03-adminpro\node_modules\esbuild-freebsd-arm64
91 silly reify mark deleted [
91 silly reify   'C:\\Users\\Humberto Manjarres\\Desktop\\CURSOS\\ANGULAR\\Angular Fernando Herrera\\Angular-adv\\03-adminpro\\node_modules\\esbuild-freebsd-arm64'
91 silly reify ]
92 verbose reify failed optional dependency C:\Users\Humberto Manjarres\Desktop\CURSOS\ANGULAR\Angular Fernando Herrera\Angular-adv\03-adminpro\node_modules\esbuild-freebsd-64
93 silly reify mark deleted [
93 silly reify   'C:\\Users\\Humberto Manjarres\\Desktop\\CURSOS\\ANGULAR\\Angular Fernando Herrera\\Angular-adv\\03-adminpro\\node_modules\\esbuild-freebsd-64'
93 silly reify ]
94 verbose reify failed optional dependency C:\Users\Humberto Manjarres\Desktop\CURSOS\ANGULAR\Angular Fernando Herrera\Angular-adv\03-adminpro\node_modules\esbuild-darwin-arm64
95 silly reify mark deleted [
95 silly reify   'C:\\Users\\Humberto Manjarres\\Desktop\\CURSOS\\ANGULAR\\Angular Fernando Herrera\\Angular-adv\\03-adminpro\\node_modules\\esbuild-darwin-arm64'
95 silly reify ]
96 verbose reify failed optional dependency C:\Users\Humberto Manjarres\Desktop\CURSOS\ANGULAR\Angular Fernando Herrera\Angular-adv\03-adminpro\node_modules\esbuild-darwin-64
97 silly reify mark deleted [
97 silly reify   'C:\\Users\\Humberto Manjarres\\Desktop\\CURSOS\\ANGULAR\\Angular Fernando Herrera\\Angular-adv\\03-adminpro\\node_modules\\esbuild-darwin-64'
97 silly reify ]
98 verbose reify failed optional dependency C:\Users\Humberto Manjarres\Desktop\CURSOS\ANGULAR\Angular Fernando Herrera\Angular-adv\03-adminpro\node_modules\esbuild-android-arm64
99 silly reify mark deleted [
99 silly reify   'C:\\Users\\Humberto Manjarres\\Desktop\\CURSOS\\ANGULAR\\Angular Fernando Herrera\\Angular-adv\\03-adminpro\\node_modules\\esbuild-android-arm64'
99 silly reify ]
100 verbose reify failed optional dependency C:\Users\Humberto Manjarres\Desktop\CURSOS\ANGULAR\Angular Fernando Herrera\Angular-adv\03-adminpro\node_modules\esbuild-android-64
101 silly reify mark deleted [
101 silly reify   'C:\\Users\\Humberto Manjarres\\Desktop\\CURSOS\\ANGULAR\\Angular Fernando Herrera\\Angular-adv\\03-adminpro\\node_modules\\esbuild-android-64'
101 silly reify ]
102 verbose reify failed optional dependency C:\Users\Humberto Manjarres\Desktop\CURSOS\ANGULAR\Angular Fernando Herrera\Angular-adv\03-adminpro\node_modules\@esbuild\linux-loong64
103 silly reify mark deleted [
103 silly reify   'C:\\Users\\Humberto Manjarres\\Desktop\\CURSOS\\ANGULAR\\Angular Fernando Herrera\\Angular-adv\\03-adminpro\\node_modules\\@esbuild\\linux-loong64'
103 silly reify ]
104 timing reifyNode:node_modules/nice-napi Completed in 31ms
105 timing reifyNode:node_modules/fsevents Completed in 31ms
106 timing reifyNode:node_modules/esbuild-windows-arm64 Completed in 31ms
107 timing reifyNode:node_modules/esbuild-windows-32 Completed in 30ms
108 timing reifyNode:node_modules/esbuild-sunos-64 Completed in 30ms
109 timing reifyNode:node_modules/esbuild-openbsd-64 Completed in 29ms
110 timing reifyNode:node_modules/esbuild-netbsd-64 Completed in 29ms
111 timing reifyNode:node_modules/esbuild-linux-s390x Completed in 28ms
112 timing reifyNode:node_modules/esbuild-linux-riscv64 Completed in 29ms
113 timing reifyNode:node_modules/esbuild-linux-ppc64le Completed in 29ms
114 timing reifyNode:node_modules/esbuild-linux-mips64le Completed in 28ms
115 timing reifyNode:node_modules/esbuild-linux-arm64 Completed in 28ms
116 timing reifyNode:node_modules/esbuild-linux-arm Completed in 27ms
117 timing reifyNode:node_modules/esbuild-linux-64 Completed in 27ms
118 timing reifyNode:node_modules/esbuild-linux-32 Completed in 26ms
119 timing reifyNode:node_modules/esbuild-freebsd-arm64 Completed in 26ms
120 timing reifyNode:node_modules/esbuild-freebsd-64 Completed in 25ms
121 timing reifyNode:node_modules/esbuild-darwin-arm64 Completed in 26ms
122 timing reifyNode:node_modules/esbuild-darwin-64 Completed in 25ms
123 timing reifyNode:node_modules/esbuild-android-arm64 Completed in 25ms
124 timing reifyNode:node_modules/esbuild-android-64 Completed in 24ms
125 timing reifyNode:node_modules/@esbuild/linux-loong64 Completed in 23ms
126 silly tarball no local data for sweetalert2@https://registry.npmjs.org/sweetalert2/-/sweetalert2-11.6.13.tgz. Extracting by manifest.
127 timing reifyNode:node_modules/node-gyp-build Completed in 129ms
128 timing reifyNode:node_modules/node-addon-api Completed in 205ms
129 http fetch POST 200 https://registry.npmjs.org/-/npm/v1/security/advisories/bulk 236ms
130 timing auditReport:getReport Completed in 264ms
131 silly audit report {
131 silly audit report   'loader-utils': [
131 silly audit report     {
131 silly audit report       id: 1084991,
131 silly audit report       url: 'https://github.com/advisories/GHSA-3rfm-jhwj-7488',
131 silly audit report       title: 'loader-utils is vulnerable to Regular Expression Denial of Service (ReDoS) via url variable',
131 silly audit report       severity: 'high',
131 silly audit report       vulnerable_versions: '>=3.0.0 <3.2.1',
131 silly audit report       cwe: [Array],
131 silly audit report       cvss: [Object]
131 silly audit report     },
131 silly audit report     {
131 silly audit report       id: 1084992,
131 silly audit report       url: 'https://github.com/advisories/GHSA-3rfm-jhwj-7488',
131 silly audit report       title: 'loader-utils is vulnerable to Regular Expression Denial of Service (ReDoS) via url variable',
131 silly audit report       severity: 'high',
131 silly audit report       vulnerable_versions: '>=2.0.0 <2.0.4',
131 silly audit report       cwe: [Array],
131 silly audit report       cvss: [Object]
131 silly audit report     },
131 silly audit report     {
131 silly audit report       id: 1085032,
131 silly audit report       url: 'https://github.com/advisories/GHSA-hhq3-ff78-jv3g',
131 silly audit report       title: 'loader-utils is vulnerable to Regular Expression Denial of Service (ReDoS)',
131 silly audit report       severity: 'high',
131 silly audit report       vulnerable_versions: '>=3.0.0 <3.2.1',
131 silly audit report       cwe: [Array],
131 silly audit report       cvss: [Object]
131 silly audit report     },
131 silly audit report     {
131 silly audit report       id: 1085033,
131 silly audit report       url: 'https://github.com/advisories/GHSA-hhq3-ff78-jv3g',
131 silly audit report       title: 'loader-utils is vulnerable to Regular Expression Denial of Service (ReDoS)',
131 silly audit report       severity: 'high',
131 silly audit report       vulnerable_versions: '>=2.0.0 <2.0.4',
131 silly audit report       cwe: [Array],
131 silly audit report       cvss: [Object]
131 silly audit report     }
131 silly audit report   ],
131 silly audit report   'engine.io': [
131 silly audit report     {
131 silly audit report       id: 1085027,
131 silly audit report       url: 'https://github.com/advisories/GHSA-r7qp-cfhv-p84w',
131 silly audit report       title: 'Uncaught exception in engine.io ',
131 silly audit report       severity: 'high',
131 silly audit report       vulnerable_versions: '>=4.0.0 <6.2.1',
131 silly audit report       cwe: [Array],
131 silly audit report       cvss: [Object]
131 silly audit report     }
131 silly audit report   ],
131 silly audit report   sweetalert2: [
131 silly audit report     {
131 silly audit report       id: 1085040,
131 silly audit report       url: 'https://github.com/advisories/GHSA-qq6h-5g6j-q3cm',
131 silly audit report       title: 'sweetalert2 v11.4.9 and above contains hidden functionality',
131 silly audit report       severity: 'low',
131 silly audit report       vulnerable_versions: '>=11.4.9',
131 silly audit report       cwe: [Array],
131 silly audit report       cvss: [Object]
131 silly audit report     }
131 silly audit report   ]
131 silly audit report }
132 timing metavuln:packument:sweetalert2 Completed in 1ms
133 timing metavuln:cache:get:security-advisory:loader-utils:HC1ZO9H9xntOL1b4G8BOy65oyfdvJntlM9JuvzGAV3zroSEGLYIgMS8y+U51epRQMJC44bQstCVnxLSh+l0CPA== Completed in 6ms
134 timing metavuln:cache:get:security-advisory:loader-utils:tiwohNKeL+36r1rZfDfzmO+tcTlNYGsJ/a5Ge3ywoGl9qBzcu7cddawb6f5bEI6bOy0zJqKqaMlklATWqr5TEA== Completed in 5ms
135 timing metavuln:cache:get:security-advisory:loader-utils:KPDazQTPAlefwSPqivFWrw7D6jXYF1eC8o7pnOSkOUp7IvLWkYhIh7MOy+2eQUtF6n8OTGD9EbTf4ZDJ8OBnWw== Completed in 6ms
136 timing metavuln:cache:get:security-advisory:loader-utils:LcxB7JZycL3vyMfwAYiUh/Hn1N192thCNoG953tq11ZkGp8vwN3MIjyQe9eWfeEeQ2OPgr4wa5zhQfd2r44GaQ== Completed in 6ms
137 timing metavuln:cache:get:security-advisory:engine.io:zD9G6+B5++dai0IQ5EoyVcpXAh3rhogUDkD283bhabpKHq+G/IdpGWmWni8hfZomkTrq/Wu1WdhqVlOw2bxZSg== Completed in 5ms
138 timing metavuln:cache:get:security-advisory:sweetalert2:1+d5E9PzOCh/0RGhkIZ7y00cxgNow/aARixWIhSBunGsom+Y7QIGjzt2dv4CFAL8uY0c5XTWhNKiLmAMKdwibg== Completed in 4ms
139 timing metavuln:load:security-advisory:sweetalert2:1085040 Completed in 29ms
140 timing metavuln:cache:put:security-advisory:sweetalert2:1+d5E9PzOCh/0RGhkIZ7y00cxgNow/aARixWIhSBunGsom+Y7QIGjzt2dv4CFAL8uY0c5XTWhNKiLmAMKdwibg== Completed in 47ms
141 timing metavuln:calculate:security-advisory:sweetalert2:1085040 Completed in 80ms
142 http fetch GET 200 https://registry.npmjs.org/loader-utils 150ms (cache updated)
143 timing metavuln:packument:loader-utils Completed in 151ms
144 timing metavuln:load:security-advisory:loader-utils:1084991 Completed in 1ms
145 timing metavuln:load:security-advisory:loader-utils:1084992 Completed in 1ms
146 timing metavuln:load:security-advisory:loader-utils:1085032 Completed in 1ms
147 timing metavuln:load:security-advisory:loader-utils:1085033 Completed in 1ms
148 timing metavuln:cache:put:security-advisory:loader-utils:HC1ZO9H9xntOL1b4G8BOy65oyfdvJntlM9JuvzGAV3zroSEGLYIgMS8y+U51epRQMJC44bQstCVnxLSh+l0CPA== Completed in 20ms
149 timing metavuln:calculate:security-advisory:loader-utils:1084991 Completed in 173ms
150 timing metavuln:cache:put:security-advisory:loader-utils:KPDazQTPAlefwSPqivFWrw7D6jXYF1eC8o7pnOSkOUp7IvLWkYhIh7MOy+2eQUtF6n8OTGD9EbTf4ZDJ8OBnWw== Completed in 18ms
151 timing metavuln:calculate:security-advisory:loader-utils:1085032 Completed in 173ms
152 timing metavuln:cache:put:security-advisory:loader-utils:tiwohNKeL+36r1rZfDfzmO+tcTlNYGsJ/a5Ge3ywoGl9qBzcu7cddawb6f5bEI6bOy0zJqKqaMlklATWqr5TEA== Completed in 20ms
153 timing metavuln:calculate:security-advisory:loader-utils:1084992 Completed in 174ms
154 timing metavuln:cache:put:security-advisory:loader-utils:LcxB7JZycL3vyMfwAYiUh/Hn1N192thCNoG953tq11ZkGp8vwN3MIjyQe9eWfeEeQ2OPgr4wa5zhQfd2r44GaQ== Completed in 19ms
155 timing metavuln:calculate:security-advisory:loader-utils:1085033 Completed in 175ms
156 http fetch GET 200 https://registry.npmjs.org/engine.io 386ms (cache updated)
157 timing metavuln:packument:engine.io Completed in 388ms
158 timing metavuln:load:security-advisory:engine.io:1085027 Completed in 5ms
159 timing metavuln:cache:put:security-advisory:engine.io:zD9G6+B5++dai0IQ5EoyVcpXAh3rhogUDkD283bhabpKHq+G/IdpGWmWni8hfZomkTrq/Wu1WdhqVlOw2bxZSg== Completed in 20ms
160 timing metavuln:calculate:security-advisory:engine.io:1085027 Completed in 414ms
161 timing metavuln:cache:get:security-advisory:@angular-devkit/build-angular:jGe+6tJq/2kf75jG1XBC9o0q4erCm92bhexIyaxXxBwSHGtnoT0FkapvyKeNrKXKOa9amA2IiiHoKz3pDoZbpw== Completed in 3ms
162 http fetch GET 200 https://registry.npmjs.org/sweetalert2/-/sweetalert2-11.6.13.tgz 716ms (cache miss)
163 timing reifyNode:node_modules/sweetalert2 Completed in 769ms
164 timing reify:unpack Completed in 771ms
165 timing reify:unretire Completed in 0ms
166 timing build:queue Completed in 4ms
167 timing build:link Completed in 0ms
168 timing build:deps Completed in 7ms
169 timing build Completed in 8ms
170 timing reify:build Completed in 9ms
171 timing reify:trash Completed in 52ms
172 timing reify:save Completed in 2530ms
173 http fetch GET 200 https://registry.npmjs.org/@angular-devkit%2fbuild-angular 3407ms (cache updated)
174 timing metavuln:packument:@angular-devkit/build-angular Completed in 3445ms
175 timing metavuln:load:security-advisory:@angular-devkit/build-angular:HC1ZO9H9xntOL1b4G8BOy65oyfdvJntlM9JuvzGAV3zroSEGLYIgMS8y+U51epRQMJC44bQstCVnxLSh+l0CPA== Completed in 143ms
176 timing metavuln:cache:put:security-advisory:@angular-devkit/build-angular:jGe+6tJq/2kf75jG1XBC9o0q4erCm92bhexIyaxXxBwSHGtnoT0FkapvyKeNrKXKOa9amA2IiiHoKz3pDoZbpw== Completed in 72ms
177 timing metavuln:calculate:security-advisory:@angular-devkit/build-angular:HC1ZO9H9xntOL1b4G8BOy65oyfdvJntlM9JuvzGAV3zroSEGLYIgMS8y+U51epRQMJC44bQstCVnxLSh+l0CPA== Completed in 3660ms
178 timing metavuln:cache:get:security-advisory:adjust-sourcemap-loader:EbqSt1Tf0B84PitNsbFuCFhNaEYoGotBZPCyauCWNlBMRK42JhVXulC+lrAM0gtDjoUoRJ4yFgbTqC35obQoyg== Completed in 12ms
179 timing metavuln:cache:get:security-advisory:babel-loader:M2WiAxaj8fWjIuS5leTxRHaW/4cmtqJ6XcX2EWowVlF4t3sYgs/eITfjhdX7Lql8YNUYy44QbMYy5Uz7/QKO0w== Completed in 8ms
180 timing metavuln:cache:get:security-advisory:resolve-url-loader:c4SZly15HyzgDiTCJ4tEpfR3oNW+Y4mRFY9OsUjChQmzBkrH9klWck7tg60yJMNMUsZT0fqJF7UbjFCJcKVvjA== Completed in 7ms
181 http fetch GET 200 https://registry.npmjs.org/adjust-sourcemap-loader 127ms (cache revalidated)
182 timing metavuln:packument:adjust-sourcemap-loader Completed in 130ms
183 timing metavuln:load:security-advisory:adjust-sourcemap-loader:tiwohNKeL+36r1rZfDfzmO+tcTlNYGsJ/a5Ge3ywoGl9qBzcu7cddawb6f5bEI6bOy0zJqKqaMlklATWqr5TEA== Completed in 7ms
184 http fetch GET 200 https://registry.npmjs.org/resolve-url-loader 134ms (cache revalidated)
185 timing metavuln:packument:resolve-url-loader Completed in 137ms
186 timing metavuln:load:security-advisory:resolve-url-loader:tiwohNKeL+36r1rZfDfzmO+tcTlNYGsJ/a5Ge3ywoGl9qBzcu7cddawb6f5bEI6bOy0zJqKqaMlklATWqr5TEA== Completed in 4ms
187 timing metavuln:cache:put:security-advisory:adjust-sourcemap-loader:EbqSt1Tf0B84PitNsbFuCFhNaEYoGotBZPCyauCWNlBMRK42JhVXulC+lrAM0gtDjoUoRJ4yFgbTqC35obQoyg== Completed in 41ms
188 timing metavuln:calculate:security-advisory:adjust-sourcemap-loader:tiwohNKeL+36r1rZfDfzmO+tcTlNYGsJ/a5Ge3ywoGl9qBzcu7cddawb6f5bEI6bOy0zJqKqaMlklATWqr5TEA== Completed in 181ms
189 timing metavuln:cache:put:security-advisory:resolve-url-loader:c4SZly15HyzgDiTCJ4tEpfR3oNW+Y4mRFY9OsUjChQmzBkrH9klWck7tg60yJMNMUsZT0fqJF7UbjFCJcKVvjA== Completed in 33ms
190 timing metavuln:calculate:security-advisory:resolve-url-loader:tiwohNKeL+36r1rZfDfzmO+tcTlNYGsJ/a5Ge3ywoGl9qBzcu7cddawb6f5bEI6bOy0zJqKqaMlklATWqr5TEA== Completed in 175ms
191 http fetch GET 200 https://registry.npmjs.org/babel-loader 183ms (cache updated)
192 timing metavuln:packument:babel-loader Completed in 186ms
193 timing metavuln:load:security-advisory:babel-loader:tiwohNKeL+36r1rZfDfzmO+tcTlNYGsJ/a5Ge3ywoGl9qBzcu7cddawb6f5bEI6bOy0zJqKqaMlklATWqr5TEA== Completed in 5ms
194 timing metavuln:cache:put:security-advisory:babel-loader:M2WiAxaj8fWjIuS5leTxRHaW/4cmtqJ6XcX2EWowVlF4t3sYgs/eITfjhdX7Lql8YNUYy44QbMYy5Uz7/QKO0w== Completed in 30ms
195 timing metavuln:calculate:security-advisory:babel-loader:tiwohNKeL+36r1rZfDfzmO+tcTlNYGsJ/a5Ge3ywoGl9qBzcu7cddawb6f5bEI6bOy0zJqKqaMlklATWqr5TEA== Completed in 223ms
196 timing metavuln:cache:get:security-advisory:socket.io:Mrc4zEQIzDOM9GTUu8QAdpe3BhomZ1iHtaPxkTktPwsyOJLaNl8Uw2Q7s940qeecPhoc3sqzjqRIfLAEI2xfyQ== Completed in 8ms
197 http fetch GET 200 https://registry.npmjs.org/socket.io 567ms (cache updated)
198 timing metavuln:packument:socket.io Completed in 578ms
199 timing metavuln:load:security-advisory:socket.io:zD9G6+B5++dai0IQ5EoyVcpXAh3rhogUDkD283bhabpKHq+G/IdpGWmWni8hfZomkTrq/Wu1WdhqVlOw2bxZSg== Completed in 63ms
200 timing metavuln:cache:put:security-advisory:socket.io:Mrc4zEQIzDOM9GTUu8QAdpe3BhomZ1iHtaPxkTktPwsyOJLaNl8Uw2Q7s940qeecPhoc3sqzjqRIfLAEI2xfyQ== Completed in 13ms
201 timing metavuln:calculate:security-advisory:socket.io:zD9G6+B5++dai0IQ5EoyVcpXAh3rhogUDkD283bhabpKHq+G/IdpGWmWni8hfZomkTrq/Wu1WdhqVlOw2bxZSg== Completed in 655ms
202 timing auditReport:init Completed in 5060ms
203 timing reify:audit Completed in 5326ms
204 timing reify Completed in 7489ms
205 silly ADD node_modules/sweetalert2
206 silly ADD
207 silly ADD
208 silly ADD
209 silly ADD
210 silly ADD
211 silly ADD
212 silly ADD
213 silly ADD
214 silly ADD
215 silly ADD
216 silly ADD
217 silly ADD
218 silly ADD
219 silly ADD
220 silly ADD
221 silly ADD
222 silly ADD
223 silly ADD
224 silly ADD
225 silly ADD
226 silly ADD
227 silly ADD
228 silly ADD
229 silly ADD
230 silly REMOVE node_modules/__ngcc_entry_points__.json
231 timing command:install Completed in 7673ms
232 verbose exit 0
233 timing npm Completed in 7923ms
234 info ok
